<?xml version="1.0" encoding="UTF-8"?>
<testsuite name="RecipesApplicationTest" tests="1" skipped="0" failures="0" errors="0" timestamp="2021-09-21T14:48:25" hostname="Lis-MacBook-Pro" time="14.791">
  <properties/>
  <testcase name="start" classname="RecipesApplicationTest" time="14.791"/>
  <system-out><![CDATA[?[1;31m
Start test 1?[0m

  .   ____          _            __ _ _
 /\\ / ___'_ __ _ _(_)_ __  __ _ \ \ \ \
( ( )\___ | '_ | '_| | '_ \/ _` | \ \ \ \
 \\/  ___)| |_)| | | | | || (_| |  ) ) ) )
  '  |____| .__|_| |_|_| |_\__, | / / / /
 =========|_|==============|___/=/_/_/_/
 :: Spring Boot ::        (v2.3.1.RELEASE)

2021-09-21 16:48:26.356  INFO 28737 --- [    Test worker] recipes.RecipesApplication               : Starting RecipesApplication on Lis-MacBook-Pro with PID 28737 (started by lievgeniy in /Users/lievgeniy/IdeaProjects/Recipes/Recipes/task)
2021-09-21 16:48:26.360  INFO 28737 --- [    Test worker] recipes.RecipesApplication               : No active profile set, falling back to default profiles: default
2021-09-21 16:48:27.293  INFO 28737 --- [    Test worker] .s.d.r.c.RepositoryConfigurationDelegate : Bootstrapping Spring Data JPA repositories in DEFERRED mode.
2021-09-21 16:48:27.358  INFO 28737 --- [    Test worker] .s.d.r.c.RepositoryConfigurationDelegate : Finished Spring Data repository scanning in 56ms. Found 2 JPA repository interfaces.
2021-09-21 16:48:27.910  INFO 28737 --- [    Test worker] o.s.b.w.embedded.tomcat.TomcatWebServer  : Tomcat initialized with port(s): 8881 (http)
2021-09-21 16:48:27.921  INFO 28737 --- [    Test worker] o.apache.catalina.core.StandardService   : Starting service [Tomcat]
2021-09-21 16:48:27.922  INFO 28737 --- [    Test worker] org.apache.catalina.core.StandardEngine  : Starting Servlet engine: [Apache Tomcat/9.0.36]
2021-09-21 16:48:28.037  INFO 28737 --- [    Test worker] o.a.c.c.C.[Tomcat].[localhost].[/]       : Initializing Spring embedded WebApplicationContext
2021-09-21 16:48:28.037  INFO 28737 --- [    Test worker] w.s.c.ServletWebServerApplicationContext : Root WebApplicationContext: initialization completed in 1633 ms
2021-09-21 16:48:28.173  INFO 28737 --- [    Test worker] com.zaxxer.hikari.HikariDataSource       : HikariPool-1 - Starting...
2021-09-21 16:48:28.355  INFO 28737 --- [    Test worker] com.zaxxer.hikari.HikariDataSource       : HikariPool-1 - Start completed.
2021-09-21 16:48:28.363  INFO 28737 --- [    Test worker] o.s.b.a.h2.H2ConsoleAutoConfiguration    : H2 console available at '/h2'. Database available at 'jdbc:h2:file:../recipes_db'
2021-09-21 16:48:28.502  INFO 28737 --- [    Test worker] o.s.s.concurrent.ThreadPoolTaskExecutor  : Initializing ExecutorService 'applicationTaskExecutor'
2021-09-21 16:48:28.544  INFO 28737 --- [         task-1] o.hibernate.jpa.internal.util.LogHelper  : HHH000204: Processing PersistenceUnitInfo [name: default]
2021-09-21 16:48:28.609  INFO 28737 --- [         task-1] org.hibernate.Version                    : HHH000412: Hibernate ORM core version 5.4.17.Final
2021-09-21 16:48:28.633  WARN 28737 --- [    Test worker] JpaBaseConfiguration$JpaWebConfiguration : spring.jpa.open-in-view is enabled by default. Therefore, database queries may be performed during view rendering. Explicitly configure spring.jpa.open-in-view to disable this warning
2021-09-21 16:48:28.746  INFO 28737 --- [         task-1] o.hibernate.annotations.common.Version   : HCANN000001: Hibernate Commons Annotations {5.1.0.Final}
2021-09-21 16:48:28.805  INFO 28737 --- [    Test worker] o.s.b.a.w.s.WelcomePageHandlerMapping    : Adding welcome page: class path resource [static/index.html]
2021-09-21 16:48:28.853  INFO 28737 --- [         task-1] org.hibernate.dialect.Dialect            : HHH000400: Using dialect: org.hibernate.dialect.H2Dialect
2021-09-21 16:48:29.019  INFO 28737 --- [    Test worker] o.s.b.a.e.web.EndpointLinksResolver      : Exposing 14 endpoint(s) beneath base path '/actuator'
2021-09-21 16:48:29.076  INFO 28737 --- [    Test worker] o.s.s.web.DefaultSecurityFilterChain     : Creating filter chain: any request, [org.springframework.security.web.context.request.async.WebAsyncManagerIntegrationFilter@1e87f29e, org.springframework.security.web.context.SecurityContextPersistenceFilter@4d4d78a2, org.springframework.security.web.header.HeaderWriterFilter@5389e208, org.springframework.security.web.authentication.logout.LogoutFilter@207dd165, org.springframework.security.web.authentication.UsernamePasswordAuthenticationFilter@6770ccdc, org.springframework.security.web.authentication.ui.DefaultLoginPageGeneratingFilter@6c443166, org.springframework.security.web.authentication.ui.DefaultLogoutPageGeneratingFilter@182a9332, org.springframework.security.web.authentication.www.BasicAuthenticationFilter@709cca97, org.springframework.security.web.savedrequest.RequestCacheAwareFilter@525b6258, org.springframework.security.web.servletapi.SecurityContextHolderAwareRequestFilter@498300aa, org.springframework.security.web.authentication.AnonymousAuthenticationFilter@33ae6405, org.springframework.security.web.session.SessionManagementFilter@25bd789e, org.springframework.security.web.access.ExceptionTranslationFilter@6a410a0, org.springframework.security.web.access.intercept.FilterSecurityInterceptor@fde9457]
Hibernate: create table recipe (id bigint not null, category varchar(255), date timestamp, description varchar(255), name varchar(255), user_id bigint not null, primary key (id))
Hibernate: create table recipe_directions (recipe_id bigint not null, directions varchar(255))
Hibernate: create table recipe_ingredients (recipe_id bigint not null, ingredients varchar(255))
Hibernate: create table user (id bigint not null, active boolean not null, email varchar(255), password varchar(255), roles varchar(255), primary key (id))
Hibernate: create sequence hibernate_sequence start with 1 increment by 1
Hibernate: alter table recipe add constraint FKc8o8io8s0f7nqcd3429u6cxjs foreign key (user_id) references user
Hibernate: alter table recipe_directions add constraint FKkopnyxdjmwwlt5vlvw4rd28gy foreign key (recipe_id) references recipe
Hibernate: alter table recipe_ingredients add constraint FKhnsmvxdlwxqq6x2wbgnoef5gr foreign key (recipe_id) references recipe
2021-09-21 16:48:29.635  INFO 28737 --- [         task-1] o.h.e.t.j.p.i.JtaPlatformInitiator       : HHH000490: Using JtaPlatform implementation: [org.hibernate.engine.transaction.jta.platform.internal.NoJtaPlatform]
2021-09-21 16:48:29.642  INFO 28737 --- [         task-1] j.LocalContainerEntityManagerFactoryBean : Initialized JPA EntityManagerFactory for persistence unit 'default'
2021-09-21 16:48:29.723  INFO 28737 --- [    Test worker] o.s.b.w.embedded.tomcat.TomcatWebServer  : Tomcat started on port(s): 8881 (http) with context path ''
2021-09-21 16:48:29.724  INFO 28737 --- [    Test worker] DeferredRepositoryInitializationListener : Triggering deferred initialization of Spring Data repositories…
2021-09-21 16:48:29.992  INFO 28737 --- [    Test worker] DeferredRepositoryInitializationListener : Spring Data repositories initialized!
2021-09-21 16:48:30.004  INFO 28737 --- [    Test worker] recipes.RecipesApplication               : Started RecipesApplication in 3.974 seconds (JVM running for 4.822)
2021-09-21 16:48:30.365  INFO 28737 --- [nio-8881-exec-1] o.a.c.c.C.[Tomcat].[localhost].[/]       : Initializing Spring DispatcherServlet 'dispatcherServlet'
2021-09-21 16:48:30.365  INFO 28737 --- [nio-8881-exec-1] o.s.web.servlet.DispatcherServlet        : Initializing Servlet 'dispatcherServlet'
2021-09-21 16:48:30.372  INFO 28737 --- [nio-8881-exec-1] o.s.web.servlet.DispatcherServlet        : Completed initialization in 7 ms
Hibernate: select user0_.id as id1_3_, user0_.active as active2_3_, user0_.email as email3_3_, user0_.password as password4_3_, user0_.roles as roles5_3_ from user user0_ where user0_.email=?
Hibernate: call next value for hibernate_sequence
Hibernate: insert into user (active, email, password, roles, id) values (?, ?, ?, ?, ?)
?[1;31m
Start test 2?[0m
Hibernate: select user0_.id as id1_3_, user0_.active as active2_3_, user0_.email as email3_3_, user0_.password as password4_3_, user0_.roles as roles5_3_ from user user0_ where user0_.email=?
?[1;31m
Start test 3?[0m
Hibernate: select user0_.id as id1_3_, user0_.active as active2_3_, user0_.email as email3_3_, user0_.password as password4_3_, user0_.roles as roles5_3_ from user user0_ where user0_.email=?
Hibernate: call next value for hibernate_sequence
Hibernate: insert into user (active, email, password, roles, id) values (?, ?, ?, ?, ?)
?[1;31m
Start test 4?[0m
Hibernate: select user0_.id as id1_3_, user0_.active as active2_3_, user0_.email as email3_3_, user0_.password as password4_3_, user0_.roles as roles5_3_ from user user0_ where user0_.email=?
Hibernate: call next value for hibernate_sequence
Hibernate: insert into user (active, email, password, roles, id) values (?, ?, ?, ?, ?)
?[1;31m
Start test 5?[0m
2021-09-21 16:48:31.055  WARN 28737 --- [nio-8881-exec-5] .w.s.m.s.DefaultHandlerExceptionResolver : Resolved [org.springframework.web.bind.MethodArgumentNotValidException: Validation failed for argument [0] in public void recipes.controller.RegistrationController.createUser(recipes.model.User): [Field error in object 'user' on field 'email': rejected value [Test3@testcom]; codes [Pattern.user.email,Pattern.email,Pattern.java.lang.String,Pattern]; arguments [org.springframework.context.support.DefaultMessageSourceResolvable: codes [user.email,email]; arguments []; default message [email],[Ljavax.validation.constraints.Pattern$Flag;@48dfe376,.+@.+\..+]; default message [Please provide a valid email address]] ]
?[1;31m
Start test 6?[0m
2021-09-21 16:48:31.080  WARN 28737 --- [nio-8881-exec-6] .w.s.m.s.DefaultHandlerExceptionResolver : Resolved [org.springframework.web.bind.MethodArgumentNotValidException: Validation failed for argument [0] in public void recipes.controller.RegistrationController.createUser(recipes.model.User) with 2 errors: [Field error in object 'user' on field 'email': rejected value [Test4test.com]; codes [Pattern.user.email,Pattern.email,Pattern.java.lang.String,Pattern]; arguments [org.springframework.context.support.DefaultMessageSourceResolvable: codes [user.email,email]; arguments []; default message [email],[Ljavax.validation.constraints.Pattern$Flag;@48dfe376,.+@.+\..+]; default message [Please provide a valid email address]] [Field error in object 'user' on field 'email': rejected value [Test4test.com]; codes [Email.user.email,Email.email,Email.java.lang.String,Email]; arguments [org.springframework.context.support.DefaultMessageSourceResolvable: codes [user.email,email]; arguments []; default message [email],[Ljavax.validation.constraints.Pattern$Flag;@17aca089,.*]; default message [Please provide a valid email address]] ]
?[1;31m
Start test 7?[0m
2021-09-21 16:48:31.102  WARN 28737 --- [nio-8881-exec-7] .w.s.m.s.DefaultHandlerExceptionResolver : Resolved [org.springframework.web.bind.MethodArgumentNotValidException: Validation failed for argument [0] in public void recipes.controller.RegistrationController.createUser(recipes.model.User): [Field error in object 'user' on field 'password': rejected value [Test555]; codes [Size.user.password,Size.password,Size.java.lang.String,Size]; arguments [org.springframework.context.support.DefaultMessageSourceResolvable: codes [user.password,password]; arguments []; default message [password],2147483647,8]; default message [size must be between 8 and 2147483647]] ]
?[1;31m
Start test 8?[0m
2021-09-21 16:48:31.112  WARN 28737 --- [nio-8881-exec-8] .w.s.m.s.DefaultHandlerExceptionResolver : Resolved [org.springframework.web.bind.MethodArgumentNotValidException: Validation failed for argument [0] in public void recipes.controller.RegistrationController.createUser(recipes.model.User): [Field error in object 'user' on field 'password': rejected value [        ]; codes [NotBlank.user.password,NotBlank.password,NotBlank.java.lang.String,NotBlank]; arguments [org.springframework.context.support.DefaultMessageSourceResolvable: codes [user.password,password]; arguments []; default message [password]]; default message [must not be blank]] ]
?[1;31m
Start test 9?[0m
Hibernate: select user0_.id as id1_3_, user0_.active as active2_3_, user0_.email as email3_3_, user0_.password as password4_3_, user0_.roles as roles5_3_ from user user0_ where user0_.email=?
Hibernate: select user0_.id as id1_3_, user0_.active as active2_3_, user0_.email as email3_3_, user0_.password as password4_3_, user0_.roles as roles5_3_ from user user0_ where user0_.email=?
Hibernate: call next value for hibernate_sequence
Hibernate: insert into recipe (category, date, description, name, user_id, id) values (?, ?, ?, ?, ?, ?)
Hibernate: insert into recipe_directions (recipe_id, directions) values (?, ?)
Hibernate: insert into recipe_directions (recipe_id, directions) values (?, ?)
Hibernate: insert into recipe_directions (recipe_id, directions) values (?, ?)
Hibernate: insert into recipe_directions (recipe_id, directions) values (?, ?)
Hibernate: insert into recipe_directions (recipe_id, directions) values (?, ?)
Hibernate: insert into recipe_ingredients (recipe_id, ingredients) values (?, ?)
Hibernate: insert into recipe_ingredients (recipe_id, ingredients) values (?, ?)
Hibernate: insert into recipe_ingredients (recipe_id, ingredients) values (?, ?)
?[1;31m
Start test 10?[0m
Hibernate: select user0_.id as id1_3_, user0_.active as active2_3_, user0_.email as email3_3_, user0_.password as password4_3_, user0_.roles as roles5_3_ from user user0_ where user0_.email=?
Hibernate: select user0_.id as id1_3_, user0_.active as active2_3_, user0_.email as email3_3_, user0_.password as password4_3_, user0_.roles as roles5_3_ from user user0_ where user0_.email=?
Hibernate: call next value for hibernate_sequence
Hibernate: insert into recipe (category, date, description, name, user_id, id) values (?, ?, ?, ?, ?, ?)
Hibernate: insert into recipe_directions (recipe_id, directions) values (?, ?)
Hibernate: insert into recipe_directions (recipe_id, directions) values (?, ?)
Hibernate: insert into recipe_directions (recipe_id, directions) values (?, ?)
Hibernate: insert into recipe_ingredients (recipe_id, ingredients) values (?, ?)
Hibernate: insert into recipe_ingredients (recipe_id, ingredients) values (?, ?)
Hibernate: insert into recipe_ingredients (recipe_id, ingredients) values (?, ?)
?[1;31m
Start test 11?[0m
Hibernate: select user0_.id as id1_3_, user0_.active as active2_3_, user0_.email as email3_3_, user0_.password as password4_3_, user0_.roles as roles5_3_ from user user0_ where user0_.email=?
Hibernate: select recipe0_.id as id1_0_0_, recipe0_.category as category2_0_0_, recipe0_.date as date3_0_0_, recipe0_.description as descript4_0_0_, recipe0_.name as name5_0_0_, recipe0_.user_id as user_id6_0_0_ from recipe recipe0_ where recipe0_.id=?
Hibernate: select ingredient0_.recipe_id as recipe_i1_2_0_, ingredient0_.ingredients as ingredie2_2_0_ from recipe_ingredients ingredient0_ where ingredient0_.recipe_id=?
Hibernate: select directions0_.recipe_id as recipe_i1_1_0_, directions0_.directions as directio2_1_0_ from recipe_directions directions0_ where directions0_.recipe_id=?
?[1;31m
Start test 12?[0m
Hibernate: select user0_.id as id1_3_, user0_.active as active2_3_, user0_.email as email3_3_, user0_.password as password4_3_, user0_.roles as roles5_3_ from user user0_ where user0_.email=?
Hibernate: select recipe0_.id as id1_0_0_, recipe0_.category as category2_0_0_, recipe0_.date as date3_0_0_, recipe0_.description as descript4_0_0_, recipe0_.name as name5_0_0_, recipe0_.user_id as user_id6_0_0_ from recipe recipe0_ where recipe0_.id=?
Hibernate: select ingredient0_.recipe_id as recipe_i1_2_0_, ingredient0_.ingredients as ingredie2_2_0_ from recipe_ingredients ingredient0_ where ingredient0_.recipe_id=?
Hibernate: select directions0_.recipe_id as recipe_i1_1_0_, directions0_.directions as directio2_1_0_ from recipe_directions directions0_ where directions0_.recipe_id=?
?[1;31m
Start test 13?[0m
2021-09-21 16:48:32.240  INFO 28737 --- [     Thread-336] j.LocalContainerEntityManagerFactoryBean : Closing JPA EntityManagerFactory for persistence unit 'default'
2021-09-21 16:48:32.241  INFO 28737 --- [     Thread-336] o.s.s.concurrent.ThreadPoolTaskExecutor  : Shutting down ExecutorService 'applicationTaskExecutor'
2021-09-21 16:48:32.242  INFO 28737 --- [     Thread-336] com.zaxxer.hikari.HikariDataSource       : HikariPool-1 - Shutdown initiated...
2021-09-21 16:48:32.525  INFO 28737 --- [     Thread-336] com.zaxxer.hikari.HikariDataSource       : HikariPool-1 - Shutdown completed.

  .   ____          _            __ _ _
 /\\ / ___'_ __ _ _(_)_ __  __ _ \ \ \ \
( ( )\___ | '_ | '_| | '_ \/ _` | \ \ \ \
 \\/  ___)| |_)| | | | | || (_| |  ) ) ) )
  '  |____| .__|_| |_|_| |_\__, | / / / /
 =========|_|==============|___/=/_/_/_/
 :: Spring Boot ::        (v2.3.1.RELEASE)

2021-09-21 16:48:32.567  INFO 28737 --- [    Test worker] recipes.RecipesApplication               : Starting RecipesApplication on Lis-MacBook-Pro with PID 28737 (started by lievgeniy in /Users/lievgeniy/IdeaProjects/Recipes/Recipes/task)
2021-09-21 16:48:32.567  INFO 28737 --- [    Test worker] recipes.RecipesApplication               : No active profile set, falling back to default profiles: default
2021-09-21 16:48:32.871  INFO 28737 --- [    Test worker] .s.d.r.c.RepositoryConfigurationDelegate : Bootstrapping Spring Data JPA repositories in DEFERRED mode.
2021-09-21 16:48:32.884  INFO 28737 --- [    Test worker] .s.d.r.c.RepositoryConfigurationDelegate : Finished Spring Data repository scanning in 13ms. Found 2 JPA repository interfaces.
2021-09-21 16:48:32.988  INFO 28737 --- [    Test worker] o.s.b.w.embedded.tomcat.TomcatWebServer  : Tomcat initialized with port(s): 8881 (http)
2021-09-21 16:48:32.989  INFO 28737 --- [    Test worker] o.apache.catalina.core.StandardService   : Starting service [Tomcat]
2021-09-21 16:48:32.989  INFO 28737 --- [    Test worker] org.apache.catalina.core.StandardEngine  : Starting Servlet engine: [Apache Tomcat/9.0.36]
2021-09-21 16:48:33.007  INFO 28737 --- [    Test worker] o.a.c.c.C.[Tomcat].[localhost].[/]       : Initializing Spring embedded WebApplicationContext
2021-09-21 16:48:33.007  INFO 28737 --- [    Test worker] w.s.c.ServletWebServerApplicationContext : Root WebApplicationContext: initialization completed in 437 ms
2021-09-21 16:48:33.049  INFO 28737 --- [    Test worker] com.zaxxer.hikari.HikariDataSource       : HikariPool-2 - Starting...
2021-09-21 16:48:33.057  INFO 28737 --- [    Test worker] com.zaxxer.hikari.HikariDataSource       : HikariPool-2 - Start completed.
2021-09-21 16:48:33.058  INFO 28737 --- [    Test worker] o.s.b.a.h2.H2ConsoleAutoConfiguration    : H2 console available at '/h2'. Database available at 'jdbc:h2:file:../recipes_db'
2021-09-21 16:48:33.108  INFO 28737 --- [    Test worker] o.s.s.concurrent.ThreadPoolTaskExecutor  : Initializing ExecutorService 'applicationTaskExecutor'
2021-09-21 16:48:33.113  INFO 28737 --- [         task-1] o.hibernate.jpa.internal.util.LogHelper  : HHH000204: Processing PersistenceUnitInfo [name: default]
2021-09-21 16:48:33.118  INFO 28737 --- [         task-1] org.hibernate.dialect.Dialect            : HHH000400: Using dialect: org.hibernate.dialect.H2Dialect
2021-09-21 16:48:33.140  WARN 28737 --- [    Test worker] JpaBaseConfiguration$JpaWebConfiguration : spring.jpa.open-in-view is enabled by default. Therefore, database queries may be performed during view rendering. Explicitly configure spring.jpa.open-in-view to disable this warning
2021-09-21 16:48:33.179  INFO 28737 --- [    Test worker] o.s.b.a.w.s.WelcomePageHandlerMapping    : Adding welcome page: class path resource [static/index.html]
2021-09-21 16:48:33.228  INFO 28737 --- [         task-1] o.h.e.t.j.p.i.JtaPlatformInitiator       : HHH000490: Using JtaPlatform implementation: [org.hibernate.engine.transaction.jta.platform.internal.NoJtaPlatform]
2021-09-21 16:48:33.229  INFO 28737 --- [         task-1] j.LocalContainerEntityManagerFactoryBean : Initialized JPA EntityManagerFactory for persistence unit 'default'
2021-09-21 16:48:33.267  INFO 28737 --- [    Test worker] o.s.b.a.e.web.EndpointLinksResolver      : Exposing 14 endpoint(s) beneath base path '/actuator'
2021-09-21 16:48:33.279  INFO 28737 --- [    Test worker] o.s.s.web.DefaultSecurityFilterChain     : Creating filter chain: any request, [org.springframework.security.web.context.request.async.WebAsyncManagerIntegrationFilter@305acc41, org.springframework.security.web.context.SecurityContextPersistenceFilter@5ff59110, org.springframework.security.web.header.HeaderWriterFilter@3cf81f75, org.springframework.security.web.authentication.logout.LogoutFilter@5bf1a651, org.springframework.security.web.authentication.UsernamePasswordAuthenticationFilter@368e7211, org.springframework.security.web.authentication.ui.DefaultLoginPageGeneratingFilter@22363632, org.springframework.security.web.authentication.ui.DefaultLogoutPageGeneratingFilter@db73920, org.springframework.security.web.authentication.www.BasicAuthenticationFilter@1313a83c, org.springframework.security.web.savedrequest.RequestCacheAwareFilter@7b4e21b2, org.springframework.security.web.servletapi.SecurityContextHolderAwareRequestFilter@7b18a19, org.springframework.security.web.authentication.AnonymousAuthenticationFilter@486cdc7d, org.springframework.security.web.session.SessionManagementFilter@21108643, org.springframework.security.web.access.ExceptionTranslationFilter@473c7468, org.springframework.security.web.access.intercept.FilterSecurityInterceptor@4e8e7bd9]
2021-09-21 16:48:33.337  INFO 28737 --- [    Test worker] o.s.b.w.embedded.tomcat.TomcatWebServer  : Tomcat started on port(s): 8881 (http) with context path ''
2021-09-21 16:48:33.338  INFO 28737 --- [    Test worker] DeferredRepositoryInitializationListener : Triggering deferred initialization of Spring Data repositories…
2021-09-21 16:48:33.376  INFO 28737 --- [    Test worker] DeferredRepositoryInitializationListener : Spring Data repositories initialized!
2021-09-21 16:48:33.382  INFO 28737 --- [    Test worker] recipes.RecipesApplication               : Started RecipesApplication in 0.838 seconds (JVM running for 8.201)
?[1;31m
Start test 14?[0m
2021-09-21 16:48:33.389  INFO 28737 --- [nio-8881-exec-1] o.a.c.c.C.[Tomcat].[localhost].[/]       : Initializing Spring DispatcherServlet 'dispatcherServlet'
2021-09-21 16:48:33.389  INFO 28737 --- [nio-8881-exec-1] o.s.web.servlet.DispatcherServlet        : Initializing Servlet 'dispatcherServlet'
2021-09-21 16:48:33.392  INFO 28737 --- [nio-8881-exec-1] o.s.web.servlet.DispatcherServlet        : Completed initialization in 2 ms
Hibernate: select user0_.id as id1_3_, user0_.active as active2_3_, user0_.email as email3_3_, user0_.password as password4_3_, user0_.roles as roles5_3_ from user user0_ where user0_.email=?
Hibernate: select recipe0_.id as id1_0_0_, recipe0_.category as category2_0_0_, recipe0_.date as date3_0_0_, recipe0_.description as descript4_0_0_, recipe0_.name as name5_0_0_, recipe0_.user_id as user_id6_0_0_ from recipe recipe0_ where recipe0_.id=?
Hibernate: select ingredient0_.recipe_id as recipe_i1_2_0_, ingredient0_.ingredients as ingredie2_2_0_ from recipe_ingredients ingredient0_ where ingredient0_.recipe_id=?
Hibernate: select directions0_.recipe_id as recipe_i1_1_0_, directions0_.directions as directio2_1_0_ from recipe_directions directions0_ where directions0_.recipe_id=?
?[1;31m
Start test 15?[0m
Hibernate: select user0_.id as id1_3_, user0_.active as active2_3_, user0_.email as email3_3_, user0_.password as password4_3_, user0_.roles as roles5_3_ from user user0_ where user0_.email=?
Hibernate: select recipe0_.id as id1_0_0_, recipe0_.category as category2_0_0_, recipe0_.date as date3_0_0_, recipe0_.description as descript4_0_0_, recipe0_.name as name5_0_0_, recipe0_.user_id as user_id6_0_0_ from recipe recipe0_ where recipe0_.id=?
Hibernate: select ingredient0_.recipe_id as recipe_i1_2_0_, ingredient0_.ingredients as ingredie2_2_0_ from recipe_ingredients ingredient0_ where ingredient0_.recipe_id=?
Hibernate: select directions0_.recipe_id as recipe_i1_1_0_, directions0_.directions as directio2_1_0_ from recipe_directions directions0_ where directions0_.recipe_id=?
?[1;31m
Start test 16?[0m
Hibernate: select user0_.id as id1_3_, user0_.active as active2_3_, user0_.email as email3_3_, user0_.password as password4_3_, user0_.roles as roles5_3_ from user user0_ where user0_.email=?
Hibernate: select recipe0_.id as id1_0_0_, recipe0_.category as category2_0_0_, recipe0_.date as date3_0_0_, recipe0_.description as descript4_0_0_, recipe0_.name as name5_0_0_, recipe0_.user_id as user_id6_0_0_ from recipe recipe0_ where recipe0_.id=?
Hibernate: select user0_.id as id1_3_0_, user0_.active as active2_3_0_, user0_.email as email3_3_0_, user0_.password as password4_3_0_, user0_.roles as roles5_3_0_ from user user0_ where user0_.id=?
Hibernate: update recipe set category=?, date=?, description=?, name=?, user_id=? where id=?
Hibernate: delete from recipe_directions where recipe_id=?
Hibernate: delete from recipe_ingredients where recipe_id=?
Hibernate: insert into recipe_directions (recipe_id, directions) values (?, ?)
Hibernate: insert into recipe_directions (recipe_id, directions) values (?, ?)
Hibernate: insert into recipe_directions (recipe_id, directions) values (?, ?)
Hibernate: insert into recipe_ingredients (recipe_id, ingredients) values (?, ?)
Hibernate: insert into recipe_ingredients (recipe_id, ingredients) values (?, ?)
Hibernate: insert into recipe_ingredients (recipe_id, ingredients) values (?, ?)
?[1;31m
Start test 17?[0m
Hibernate: select user0_.id as id1_3_, user0_.active as active2_3_, user0_.email as email3_3_, user0_.password as password4_3_, user0_.roles as roles5_3_ from user user0_ where user0_.email=?
Hibernate: select recipe0_.id as id1_0_0_, recipe0_.category as category2_0_0_, recipe0_.date as date3_0_0_, recipe0_.description as descript4_0_0_, recipe0_.name as name5_0_0_, recipe0_.user_id as user_id6_0_0_ from recipe recipe0_ where recipe0_.id=?
Hibernate: select ingredient0_.recipe_id as recipe_i1_2_0_, ingredient0_.ingredients as ingredie2_2_0_ from recipe_ingredients ingredient0_ where ingredient0_.recipe_id=?
Hibernate: select directions0_.recipe_id as recipe_i1_1_0_, directions0_.directions as directio2_1_0_ from recipe_directions directions0_ where directions0_.recipe_id=?
?[1;31m
Start test 18?[0m
Hibernate: select user0_.id as id1_3_, user0_.active as active2_3_, user0_.email as email3_3_, user0_.password as password4_3_, user0_.roles as roles5_3_ from user user0_ where user0_.email=?
Hibernate: select recipe0_.id as id1_0_0_, recipe0_.category as category2_0_0_, recipe0_.date as date3_0_0_, recipe0_.description as descript4_0_0_, recipe0_.name as name5_0_0_, recipe0_.user_id as user_id6_0_0_ from recipe recipe0_ where recipe0_.id=?
Hibernate: select user0_.id as id1_3_0_, user0_.active as active2_3_0_, user0_.email as email3_3_0_, user0_.password as password4_3_0_, user0_.roles as roles5_3_0_ from user user0_ where user0_.id=?
Hibernate: delete from recipe_directions where recipe_id=?
Hibernate: delete from recipe_ingredients where recipe_id=?
Hibernate: delete from recipe where id=?
?[1;31m
Start test 19?[0m
Hibernate: select user0_.id as id1_3_, user0_.active as active2_3_, user0_.email as email3_3_, user0_.password as password4_3_, user0_.roles as roles5_3_ from user user0_ where user0_.email=?
Hibernate: select recipe0_.id as id1_0_0_, recipe0_.category as category2_0_0_, recipe0_.date as date3_0_0_, recipe0_.description as descript4_0_0_, recipe0_.name as name5_0_0_, recipe0_.user_id as user_id6_0_0_ from recipe recipe0_ where recipe0_.id=?
?[1;31m
Start test 20?[0m
Hibernate: select user0_.id as id1_3_, user0_.active as active2_3_, user0_.email as email3_3_, user0_.password as password4_3_, user0_.roles as roles5_3_ from user user0_ where user0_.email=?
Hibernate: select recipe0_.id as id1_0_0_, recipe0_.category as category2_0_0_, recipe0_.date as date3_0_0_, recipe0_.description as descript4_0_0_, recipe0_.name as name5_0_0_, recipe0_.user_id as user_id6_0_0_ from recipe recipe0_ where recipe0_.id=?
?[1;31m
Start test 21?[0m
Hibernate: select user0_.id as id1_3_, user0_.active as active2_3_, user0_.email as email3_3_, user0_.password as password4_3_, user0_.roles as roles5_3_ from user user0_ where user0_.email=?
Hibernate: select recipe0_.id as id1_0_0_, recipe0_.category as category2_0_0_, recipe0_.date as date3_0_0_, recipe0_.description as descript4_0_0_, recipe0_.name as name5_0_0_, recipe0_.user_id as user_id6_0_0_ from recipe recipe0_ where recipe0_.id=?
?[1;31m
Start test 22?[0m
Hibernate: select user0_.id as id1_3_, user0_.active as active2_3_, user0_.email as email3_3_, user0_.password as password4_3_, user0_.roles as roles5_3_ from user user0_ where user0_.email=?
Hibernate: select user0_.id as id1_3_, user0_.active as active2_3_, user0_.email as email3_3_, user0_.password as password4_3_, user0_.roles as roles5_3_ from user user0_ where user0_.email=?
Hibernate: call next value for hibernate_sequence
Hibernate: insert into recipe (category, date, description, name, user_id, id) values (?, ?, ?, ?, ?, ?)
Hibernate: insert into recipe_directions (recipe_id, directions) values (?, ?)
Hibernate: insert into recipe_directions (recipe_id, directions) values (?, ?)
Hibernate: insert into recipe_ingredients (recipe_id, ingredients) values (?, ?)
Hibernate: insert into recipe_ingredients (recipe_id, ingredients) values (?, ?)
Hibernate: insert into recipe_ingredients (recipe_id, ingredients) values (?, ?)
?[1;31m
Start test 23?[0m
Hibernate: select user0_.id as id1_3_, user0_.active as active2_3_, user0_.email as email3_3_, user0_.password as password4_3_, user0_.roles as roles5_3_ from user user0_ where user0_.email=?
Hibernate: select user0_.id as id1_3_, user0_.active as active2_3_, user0_.email as email3_3_, user0_.password as password4_3_, user0_.roles as roles5_3_ from user user0_ where user0_.email=?
Hibernate: call next value for hibernate_sequence
Hibernate: insert into recipe (category, date, description, name, user_id, id) values (?, ?, ?, ?, ?, ?)
Hibernate: insert into recipe_directions (recipe_id, directions) values (?, ?)
Hibernate: insert into recipe_directions (recipe_id, directions) values (?, ?)
Hibernate: insert into recipe_directions (recipe_id, directions) values (?, ?)
Hibernate: insert into recipe_ingredients (recipe_id, ingredients) values (?, ?)
Hibernate: insert into recipe_ingredients (recipe_id, ingredients) values (?, ?)
Hibernate: insert into recipe_ingredients (recipe_id, ingredients) values (?, ?)
?[1;31m
Start test 24?[0m
Hibernate: select user0_.id as id1_3_, user0_.active as active2_3_, user0_.email as email3_3_, user0_.password as password4_3_, user0_.roles as roles5_3_ from user user0_ where user0_.email=?
Hibernate: select user0_.id as id1_3_, user0_.active as active2_3_, user0_.email as email3_3_, user0_.password as password4_3_, user0_.roles as roles5_3_ from user user0_ where user0_.email=?
Hibernate: call next value for hibernate_sequence
Hibernate: insert into recipe (category, date, description, name, user_id, id) values (?, ?, ?, ?, ?, ?)
Hibernate: insert into recipe_directions (recipe_id, directions) values (?, ?)
Hibernate: insert into recipe_directions (recipe_id, directions) values (?, ?)
Hibernate: insert into recipe_directions (recipe_id, directions) values (?, ?)
Hibernate: insert into recipe_ingredients (recipe_id, ingredients) values (?, ?)
Hibernate: insert into recipe_ingredients (recipe_id, ingredients) values (?, ?)
Hibernate: insert into recipe_ingredients (recipe_id, ingredients) values (?, ?)
?[1;31m
Start test 25?[0m
Hibernate: select user0_.id as id1_3_, user0_.active as active2_3_, user0_.email as email3_3_, user0_.password as password4_3_, user0_.roles as roles5_3_ from user user0_ where user0_.email=?
Hibernate: select user0_.id as id1_3_, user0_.active as active2_3_, user0_.email as email3_3_, user0_.password as password4_3_, user0_.roles as roles5_3_ from user user0_ where user0_.email=?
Hibernate: call next value for hibernate_sequence
Hibernate: insert into recipe (category, date, description, name, user_id, id) values (?, ?, ?, ?, ?, ?)
Hibernate: insert into recipe_directions (recipe_id, directions) values (?, ?)
Hibernate: insert into recipe_directions (recipe_id, directions) values (?, ?)
Hibernate: insert into recipe_ingredients (recipe_id, ingredients) values (?, ?)
Hibernate: insert into recipe_ingredients (recipe_id, ingredients) values (?, ?)
Hibernate: insert into recipe_ingredients (recipe_id, ingredients) values (?, ?)
?[1;31m
Start test 26?[0m
Hibernate: select user0_.id as id1_3_, user0_.active as active2_3_, user0_.email as email3_3_, user0_.password as password4_3_, user0_.roles as roles5_3_ from user user0_ where user0_.email=?
Hibernate: select user0_.id as id1_3_, user0_.active as active2_3_, user0_.email as email3_3_, user0_.password as password4_3_, user0_.roles as roles5_3_ from user user0_ where user0_.email=?
Hibernate: call next value for hibernate_sequence
Hibernate: insert into recipe (category, date, description, name, user_id, id) values (?, ?, ?, ?, ?, ?)
Hibernate: insert into recipe_directions (recipe_id, directions) values (?, ?)
Hibernate: insert into recipe_directions (recipe_id, directions) values (?, ?)
Hibernate: insert into recipe_directions (recipe_id, directions) values (?, ?)
Hibernate: insert into recipe_ingredients (recipe_id, ingredients) values (?, ?)
Hibernate: insert into recipe_ingredients (recipe_id, ingredients) values (?, ?)
Hibernate: insert into recipe_ingredients (recipe_id, ingredients) values (?, ?)
?[1;31m
Start test 27?[0m
Hibernate: select user0_.id as id1_3_, user0_.active as active2_3_, user0_.email as email3_3_, user0_.password as password4_3_, user0_.roles as roles5_3_ from user user0_ where user0_.email=?
Hibernate: select user0_.id as id1_3_, user0_.active as active2_3_, user0_.email as email3_3_, user0_.password as password4_3_, user0_.roles as roles5_3_ from user user0_ where user0_.email=?
Hibernate: call next value for hibernate_sequence
Hibernate: insert into recipe (category, date, description, name, user_id, id) values (?, ?, ?, ?, ?, ?)
Hibernate: insert into recipe_directions (recipe_id, directions) values (?, ?)
Hibernate: insert into recipe_directions (recipe_id, directions) values (?, ?)
Hibernate: insert into recipe_directions (recipe_id, directions) values (?, ?)
Hibernate: insert into recipe_ingredients (recipe_id, ingredients) values (?, ?)
Hibernate: insert into recipe_ingredients (recipe_id, ingredients) values (?, ?)
?[1;31m
Start test 28?[0m
Hibernate: select user0_.id as id1_3_, user0_.active as active2_3_, user0_.email as email3_3_, user0_.password as password4_3_, user0_.roles as roles5_3_ from user user0_ where user0_.email=?
Hibernate: select user0_.id as id1_3_, user0_.active as active2_3_, user0_.email as email3_3_, user0_.password as password4_3_, user0_.roles as roles5_3_ from user user0_ where user0_.email=?
Hibernate: call next value for hibernate_sequence
Hibernate: insert into recipe (category, date, description, name, user_id, id) values (?, ?, ?, ?, ?, ?)
Hibernate: insert into recipe_directions (recipe_id, directions) values (?, ?)
Hibernate: insert into recipe_directions (recipe_id, directions) values (?, ?)
Hibernate: insert into recipe_directions (recipe_id, directions) values (?, ?)
Hibernate: insert into recipe_ingredients (recipe_id, ingredients) values (?, ?)
Hibernate: insert into recipe_ingredients (recipe_id, ingredients) values (?, ?)
Hibernate: insert into recipe_ingredients (recipe_id, ingredients) values (?, ?)
?[1;31m
Start test 29?[0m
Hibernate: select user0_.id as id1_3_, user0_.active as active2_3_, user0_.email as email3_3_, user0_.password as password4_3_, user0_.roles as roles5_3_ from user user0_ where user0_.email=?
Hibernate: select user0_.id as id1_3_, user0_.active as active2_3_, user0_.email as email3_3_, user0_.password as password4_3_, user0_.roles as roles5_3_ from user user0_ where user0_.email=?
Hibernate: call next value for hibernate_sequence
Hibernate: insert into recipe (category, date, description, name, user_id, id) values (?, ?, ?, ?, ?, ?)
Hibernate: insert into recipe_directions (recipe_id, directions) values (?, ?)
Hibernate: insert into recipe_directions (recipe_id, directions) values (?, ?)
Hibernate: insert into recipe_ingredients (recipe_id, ingredients) values (?, ?)
Hibernate: insert into recipe_ingredients (recipe_id, ingredients) values (?, ?)
Hibernate: insert into recipe_ingredients (recipe_id, ingredients) values (?, ?)
?[1;31m
Start test 30?[0m
Hibernate: select user0_.id as id1_3_, user0_.active as active2_3_, user0_.email as email3_3_, user0_.password as password4_3_, user0_.roles as roles5_3_ from user user0_ where user0_.email=?
Hibernate: select user0_.id as id1_3_, user0_.active as active2_3_, user0_.email as email3_3_, user0_.password as password4_3_, user0_.roles as roles5_3_ from user user0_ where user0_.email=?
Hibernate: call next value for hibernate_sequence
Hibernate: insert into recipe (category, date, description, name, user_id, id) values (?, ?, ?, ?, ?, ?)
Hibernate: insert into recipe_directions (recipe_id, directions) values (?, ?)
Hibernate: insert into recipe_directions (recipe_id, directions) values (?, ?)
Hibernate: insert into recipe_directions (recipe_id, directions) values (?, ?)
Hibernate: insert into recipe_ingredients (recipe_id, ingredients) values (?, ?)
Hibernate: insert into recipe_ingredients (recipe_id, ingredients) values (?, ?)
?[1;31m
Start test 31?[0m
Hibernate: select user0_.id as id1_3_, user0_.active as active2_3_, user0_.email as email3_3_, user0_.password as password4_3_, user0_.roles as roles5_3_ from user user0_ where user0_.email=?
Hibernate: select user0_.id as id1_3_, user0_.active as active2_3_, user0_.email as email3_3_, user0_.password as password4_3_, user0_.roles as roles5_3_ from user user0_ where user0_.email=?
Hibernate: call next value for hibernate_sequence
Hibernate: insert into recipe (category, date, description, name, user_id, id) values (?, ?, ?, ?, ?, ?)
Hibernate: insert into recipe_directions (recipe_id, directions) values (?, ?)
Hibernate: insert into recipe_directions (recipe_id, directions) values (?, ?)
Hibernate: insert into recipe_ingredients (recipe_id, ingredients) values (?, ?)
Hibernate: insert into recipe_ingredients (recipe_id, ingredients) values (?, ?)
Hibernate: insert into recipe_ingredients (recipe_id, ingredients) values (?, ?)
?[1;31m
Start test 32?[0m
Hibernate: select user0_.id as id1_3_, user0_.active as active2_3_, user0_.email as email3_3_, user0_.password as password4_3_, user0_.roles as roles5_3_ from user user0_ where user0_.email=?
Hibernate: select user0_.id as id1_3_, user0_.active as active2_3_, user0_.email as email3_3_, user0_.password as password4_3_, user0_.roles as roles5_3_ from user user0_ where user0_.email=?
Hibernate: call next value for hibernate_sequence
Hibernate: insert into recipe (category, date, description, name, user_id, id) values (?, ?, ?, ?, ?, ?)
Hibernate: insert into recipe_directions (recipe_id, directions) values (?, ?)
Hibernate: insert into recipe_directions (recipe_id, directions) values (?, ?)
Hibernate: insert into recipe_directions (recipe_id, directions) values (?, ?)
Hibernate: insert into recipe_ingredients (recipe_id, ingredients) values (?, ?)
Hibernate: insert into recipe_ingredients (recipe_id, ingredients) values (?, ?)
?[1;31m
Start test 33?[0m
Hibernate: select user0_.id as id1_3_, user0_.active as active2_3_, user0_.email as email3_3_, user0_.password as password4_3_, user0_.roles as roles5_3_ from user user0_ where user0_.email=?
Hibernate: select user0_.id as id1_3_, user0_.active as active2_3_, user0_.email as email3_3_, user0_.password as password4_3_, user0_.roles as roles5_3_ from user user0_ where user0_.email=?
Hibernate: call next value for hibernate_sequence
Hibernate: insert into recipe (category, date, description, name, user_id, id) values (?, ?, ?, ?, ?, ?)
Hibernate: insert into recipe_directions (recipe_id, directions) values (?, ?)
Hibernate: insert into recipe_directions (recipe_id, directions) values (?, ?)
Hibernate: insert into recipe_directions (recipe_id, directions) values (?, ?)
Hibernate: insert into recipe_ingredients (recipe_id, ingredients) values (?, ?)
Hibernate: insert into recipe_ingredients (recipe_id, ingredients) values (?, ?)
?[1;31m
Start test 34?[0m
Hibernate: select user0_.id as id1_3_, user0_.active as active2_3_, user0_.email as email3_3_, user0_.password as password4_3_, user0_.roles as roles5_3_ from user user0_ where user0_.email=?
Hibernate: select user0_.id as id1_3_, user0_.active as active2_3_, user0_.email as email3_3_, user0_.password as password4_3_, user0_.roles as roles5_3_ from user user0_ where user0_.email=?
Hibernate: call next value for hibernate_sequence
Hibernate: insert into recipe (category, date, description, name, user_id, id) values (?, ?, ?, ?, ?, ?)
Hibernate: insert into recipe_directions (recipe_id, directions) values (?, ?)
Hibernate: insert into recipe_directions (recipe_id, directions) values (?, ?)
Hibernate: insert into recipe_ingredients (recipe_id, ingredients) values (?, ?)
Hibernate: insert into recipe_ingredients (recipe_id, ingredients) values (?, ?)
Hibernate: insert into recipe_ingredients (recipe_id, ingredients) values (?, ?)
?[1;31m
Start test 35?[0m
Hibernate: select user0_.id as id1_3_, user0_.active as active2_3_, user0_.email as email3_3_, user0_.password as password4_3_, user0_.roles as roles5_3_ from user user0_ where user0_.email=?
Hibernate: select recipe0_.id as id1_0_, recipe0_.category as category2_0_, recipe0_.date as date3_0_, recipe0_.description as descript4_0_, recipe0_.name as name5_0_, recipe0_.user_id as user_id6_0_ from recipe recipe0_ where upper(recipe0_.category)=upper(?) order by recipe0_.date desc
Hibernate: select ingredient0_.recipe_id as recipe_i1_2_0_, ingredient0_.ingredients as ingredie2_2_0_ from recipe_ingredients ingredient0_ where ingredient0_.recipe_id=?
Hibernate: select directions0_.recipe_id as recipe_i1_1_0_, directions0_.directions as directio2_1_0_ from recipe_directions directions0_ where directions0_.recipe_id=?
Hibernate: select ingredient0_.recipe_id as recipe_i1_2_0_, ingredient0_.ingredients as ingredie2_2_0_ from recipe_ingredients ingredient0_ where ingredient0_.recipe_id=?
Hibernate: select directions0_.recipe_id as recipe_i1_1_0_, directions0_.directions as directio2_1_0_ from recipe_directions directions0_ where directions0_.recipe_id=?
Hibernate: select ingredient0_.recipe_id as recipe_i1_2_0_, ingredient0_.ingredients as ingredie2_2_0_ from recipe_ingredients ingredient0_ where ingredient0_.recipe_id=?
Hibernate: select directions0_.recipe_id as recipe_i1_1_0_, directions0_.directions as directio2_1_0_ from recipe_directions directions0_ where directions0_.recipe_id=?
Hibernate: select ingredient0_.recipe_id as recipe_i1_2_0_, ingredient0_.ingredients as ingredie2_2_0_ from recipe_ingredients ingredient0_ where ingredient0_.recipe_id=?
Hibernate: select directions0_.recipe_id as recipe_i1_1_0_, directions0_.directions as directio2_1_0_ from recipe_directions directions0_ where directions0_.recipe_id=?
Hibernate: select ingredient0_.recipe_id as recipe_i1_2_0_, ingredient0_.ingredients as ingredie2_2_0_ from recipe_ingredients ingredient0_ where ingredient0_.recipe_id=?
Hibernate: select directions0_.recipe_id as recipe_i1_1_0_, directions0_.directions as directio2_1_0_ from recipe_directions directions0_ where directions0_.recipe_id=?
Hibernate: select ingredient0_.recipe_id as recipe_i1_2_0_, ingredient0_.ingredients as ingredie2_2_0_ from recipe_ingredients ingredient0_ where ingredient0_.recipe_id=?
Hibernate: select directions0_.recipe_id as recipe_i1_1_0_, directions0_.directions as directio2_1_0_ from recipe_directions directions0_ where directions0_.recipe_id=?
Hibernate: select ingredient0_.recipe_id as recipe_i1_2_0_, ingredient0_.ingredients as ingredie2_2_0_ from recipe_ingredients ingredient0_ where ingredient0_.recipe_id=?
Hibernate: select directions0_.recipe_id as recipe_i1_1_0_, directions0_.directions as directio2_1_0_ from recipe_directions directions0_ where directions0_.recipe_id=?
?[1;31m
Start test 36?[0m
Hibernate: select user0_.id as id1_3_, user0_.active as active2_3_, user0_.email as email3_3_, user0_.password as password4_3_, user0_.roles as roles5_3_ from user user0_ where user0_.email=?
Hibernate: select recipe0_.id as id1_0_, recipe0_.category as category2_0_, recipe0_.date as date3_0_, recipe0_.description as descript4_0_, recipe0_.name as name5_0_, recipe0_.user_id as user_id6_0_ from recipe recipe0_ where upper(recipe0_.name) like upper(?) escape ? order by recipe0_.date desc
Hibernate: select ingredient0_.recipe_id as recipe_i1_2_0_, ingredient0_.ingredients as ingredie2_2_0_ from recipe_ingredients ingredient0_ where ingredient0_.recipe_id=?
Hibernate: select directions0_.recipe_id as recipe_i1_1_0_, directions0_.directions as directio2_1_0_ from recipe_directions directions0_ where directions0_.recipe_id=?
Hibernate: select ingredient0_.recipe_id as recipe_i1_2_0_, ingredient0_.ingredients as ingredie2_2_0_ from recipe_ingredients ingredient0_ where ingredient0_.recipe_id=?
Hibernate: select directions0_.recipe_id as recipe_i1_1_0_, directions0_.directions as directio2_1_0_ from recipe_directions directions0_ where directions0_.recipe_id=?
Hibernate: select ingredient0_.recipe_id as recipe_i1_2_0_, ingredient0_.ingredients as ingredie2_2_0_ from recipe_ingredients ingredient0_ where ingredient0_.recipe_id=?
Hibernate: select directions0_.recipe_id as recipe_i1_1_0_, directions0_.directions as directio2_1_0_ from recipe_directions directions0_ where directions0_.recipe_id=?
Hibernate: select ingredient0_.recipe_id as recipe_i1_2_0_, ingredient0_.ingredients as ingredie2_2_0_ from recipe_ingredients ingredient0_ where ingredient0_.recipe_id=?
Hibernate: select directions0_.recipe_id as recipe_i1_1_0_, directions0_.directions as directio2_1_0_ from recipe_directions directions0_ where directions0_.recipe_id=?
Hibernate: select ingredient0_.recipe_id as recipe_i1_2_0_, ingredient0_.ingredients as ingredie2_2_0_ from recipe_ingredients ingredient0_ where ingredient0_.recipe_id=?
Hibernate: select directions0_.recipe_id as recipe_i1_1_0_, directions0_.directions as directio2_1_0_ from recipe_directions directions0_ where directions0_.recipe_id=?
Hibernate: select ingredient0_.recipe_id as recipe_i1_2_0_, ingredient0_.ingredients as ingredie2_2_0_ from recipe_ingredients ingredient0_ where ingredient0_.recipe_id=?
Hibernate: select directions0_.recipe_id as recipe_i1_1_0_, directions0_.directions as directio2_1_0_ from recipe_directions directions0_ where directions0_.recipe_id=?
?[1;31m
Start test 37?[0m
Hibernate: select user0_.id as id1_3_, user0_.active as active2_3_, user0_.email as email3_3_, user0_.password as password4_3_, user0_.roles as roles5_3_ from user user0_ where user0_.email=?
Hibernate: select recipe0_.id as id1_0_, recipe0_.category as category2_0_, recipe0_.date as date3_0_, recipe0_.description as descript4_0_, recipe0_.name as name5_0_, recipe0_.user_id as user_id6_0_ from recipe recipe0_ where upper(recipe0_.category)=upper(?) order by recipe0_.date desc
?[1;31m
Start test 38?[0m
Hibernate: select user0_.id as id1_3_, user0_.active as active2_3_, user0_.email as email3_3_, user0_.password as password4_3_, user0_.roles as roles5_3_ from user user0_ where user0_.email=?
Hibernate: select recipe0_.id as id1_0_, recipe0_.category as category2_0_, recipe0_.date as date3_0_, recipe0_.description as descript4_0_, recipe0_.name as name5_0_, recipe0_.user_id as user_id6_0_ from recipe recipe0_ where upper(recipe0_.name) like upper(?) escape ? order by recipe0_.date desc
?[1;31m
Start test 39?[0m
Hibernate: select user0_.id as id1_3_, user0_.active as active2_3_, user0_.email as email3_3_, user0_.password as password4_3_, user0_.roles as roles5_3_ from user user0_ where user0_.email=?
?[1;31m
Start test 40?[0m
Hibernate: select user0_.id as id1_3_, user0_.active as active2_3_, user0_.email as email3_3_, user0_.password as password4_3_, user0_.roles as roles5_3_ from user user0_ where user0_.email=?
?[1;31m
Start test 41?[0m
Hibernate: select user0_.id as id1_3_, user0_.active as active2_3_, user0_.email as email3_3_, user0_.password as password4_3_, user0_.roles as roles5_3_ from user user0_ where user0_.email=?
?[1;31m
Start test 42?[0m
Hibernate: select user0_.id as id1_3_, user0_.active as active2_3_, user0_.email as email3_3_, user0_.password as password4_3_, user0_.roles as roles5_3_ from user user0_ where user0_.email=?
?[1;31m
Start test 43?[0m
Hibernate: select user0_.id as id1_3_, user0_.active as active2_3_, user0_.email as email3_3_, user0_.password as password4_3_, user0_.roles as roles5_3_ from user user0_ where user0_.email=?
2021-09-21 16:48:36.475  WARN 28737 --- [io-8881-exec-10] .w.s.m.s.DefaultHandlerExceptionResolver : Resolved [org.springframework.web.bind.MethodArgumentNotValidException: Validation failed for argument [0] in public java.util.Map<java.lang.String, java.lang.Long> recipes.controller.RecipeController.createRecipe(recipes.model.Recipe): [Field error in object 'recipe' on field 'name': rejected value [null]; codes [NotBlank.recipe.name,NotBlank.name,NotBlank.java.lang.String,NotBlank]; arguments [org.springframework.context.support.DefaultMessageSourceResolvable: codes [recipe.name,name]; arguments []; default message [name]]; default message [Recipe name should be filled]] ]
?[1;31m
Start test 44?[0m
Hibernate: select user0_.id as id1_3_, user0_.active as active2_3_, user0_.email as email3_3_, user0_.password as password4_3_, user0_.roles as roles5_3_ from user user0_ where user0_.email=?
2021-09-21 16:48:36.571  WARN 28737 --- [nio-8881-exec-1] .w.s.m.s.DefaultHandlerExceptionResolver : Resolved [org.springframework.web.bind.MethodArgumentNotValidException: Validation failed for argument [0] in public java.util.Map<java.lang.String, java.lang.Long> recipes.controller.RecipeController.createRecipe(recipes.model.Recipe): [Field error in object 'recipe' on field 'category': rejected value [null]; codes [NotBlank.recipe.category,NotBlank.category,NotBlank.java.lang.String,NotBlank]; arguments [org.springframework.context.support.DefaultMessageSourceResolvable: codes [recipe.category,category]; arguments []; default message [category]]; default message [must not be blank]] ]
?[1;31m
Start test 45?[0m
Hibernate: select user0_.id as id1_3_, user0_.active as active2_3_, user0_.email as email3_3_, user0_.password as password4_3_, user0_.roles as roles5_3_ from user user0_ where user0_.email=?
2021-09-21 16:48:36.660  WARN 28737 --- [nio-8881-exec-2] .w.s.m.s.DefaultHandlerExceptionResolver : Resolved [org.springframework.web.bind.MethodArgumentNotValidException: Validation failed for argument [0] in public java.util.Map<java.lang.String, java.lang.Long> recipes.controller.RecipeController.createRecipe(recipes.model.Recipe): [Field error in object 'recipe' on field 'description': rejected value [null]; codes [NotBlank.recipe.description,NotBlank.description,NotBlank.java.lang.String,NotBlank]; arguments [org.springframework.context.support.DefaultMessageSourceResolvable: codes [recipe.description,description]; arguments []; default message [description]]; default message [must not be blank]] ]
?[1;31m
Start test 46?[0m
Hibernate: select user0_.id as id1_3_, user0_.active as active2_3_, user0_.email as email3_3_, user0_.password as password4_3_, user0_.roles as roles5_3_ from user user0_ where user0_.email=?
2021-09-21 16:48:36.749  WARN 28737 --- [nio-8881-exec-3] .w.s.m.s.DefaultHandlerExceptionResolver : Resolved [org.springframework.web.bind.MethodArgumentNotValidException: Validation failed for argument [0] in public java.util.Map<java.lang.String, java.lang.Long> recipes.controller.RecipeController.createRecipe(recipes.model.Recipe): [Field error in object 'recipe' on field 'ingredients': rejected value [null]; codes [NotEmpty.recipe.ingredients,NotEmpty.ingredients,NotEmpty.java.util.List,NotEmpty]; arguments [org.springframework.context.support.DefaultMessageSourceResolvable: codes [recipe.ingredients,ingredients]; arguments []; default message [ingredients]]; default message [must not be empty]] ]
?[1;31m
Start test 47?[0m
Hibernate: select user0_.id as id1_3_, user0_.active as active2_3_, user0_.email as email3_3_, user0_.password as password4_3_, user0_.roles as roles5_3_ from user user0_ where user0_.email=?
2021-09-21 16:48:36.836  WARN 28737 --- [nio-8881-exec-4] .w.s.m.s.DefaultHandlerExceptionResolver : Resolved [org.springframework.web.bind.MethodArgumentNotValidException: Validation failed for argument [0] in public java.util.Map<java.lang.String, java.lang.Long> recipes.controller.RecipeController.createRecipe(recipes.model.Recipe): [Field error in object 'recipe' on field 'directions': rejected value [null]; codes [NotEmpty.recipe.directions,NotEmpty.directions,NotEmpty.java.util.List,NotEmpty]; arguments [org.springframework.context.support.DefaultMessageSourceResolvable: codes [recipe.directions,directions]; arguments []; default message [directions]]; default message [must not be empty]] ]
?[1;31m
Start test 48?[0m
Hibernate: select user0_.id as id1_3_, user0_.active as active2_3_, user0_.email as email3_3_, user0_.password as password4_3_, user0_.roles as roles5_3_ from user user0_ where user0_.email=?
2021-09-21 16:48:36.925  WARN 28737 --- [nio-8881-exec-5] .w.s.m.s.DefaultHandlerExceptionResolver : Resolved [org.springframework.web.bind.MethodArgumentNotValidException: Validation failed for argument [0] in public java.util.Map<java.lang.String, java.lang.Long> recipes.controller.RecipeController.createRecipe(recipes.model.Recipe): [Field error in object 'recipe' on field 'name': rejected value [  ]; codes [NotBlank.recipe.name,NotBlank.name,NotBlank.java.lang.String,NotBlank]; arguments [org.springframework.context.support.DefaultMessageSourceResolvable: codes [recipe.name,name]; arguments []; default message [name]]; default message [Recipe name should be filled]] ]
?[1;31m
Start test 49?[0m
Hibernate: select user0_.id as id1_3_, user0_.active as active2_3_, user0_.email as email3_3_, user0_.password as password4_3_, user0_.roles as roles5_3_ from user user0_ where user0_.email=?
2021-09-21 16:48:37.013  WARN 28737 --- [nio-8881-exec-6] .w.s.m.s.DefaultHandlerExceptionResolver : Resolved [org.springframework.web.bind.MethodArgumentNotValidException: Validation failed for argument [0] in public java.util.Map<java.lang.String, java.lang.Long> recipes.controller.RecipeController.createRecipe(recipes.model.Recipe): [Field error in object 'recipe' on field 'category': rejected value [  ]; codes [NotBlank.recipe.category,NotBlank.category,NotBlank.java.lang.String,NotBlank]; arguments [org.springframework.context.support.DefaultMessageSourceResolvable: codes [recipe.category,category]; arguments []; default message [category]]; default message [must not be blank]] ]
?[1;31m
Start test 50?[0m
Hibernate: select user0_.id as id1_3_, user0_.active as active2_3_, user0_.email as email3_3_, user0_.password as password4_3_, user0_.roles as roles5_3_ from user user0_ where user0_.email=?
2021-09-21 16:48:37.100  WARN 28737 --- [nio-8881-exec-7] .w.s.m.s.DefaultHandlerExceptionResolver : Resolved [org.springframework.web.bind.MethodArgumentNotValidException: Validation failed for argument [0] in public java.util.Map<java.lang.String, java.lang.Long> recipes.controller.RecipeController.createRecipe(recipes.model.Recipe): [Field error in object 'recipe' on field 'description': rejected value [  ]; codes [NotBlank.recipe.description,NotBlank.description,NotBlank.java.lang.String,NotBlank]; arguments [org.springframework.context.support.DefaultMessageSourceResolvable: codes [recipe.description,description]; arguments []; default message [description]]; default message [must not be blank]] ]
?[1;31m
Start test 51?[0m
Hibernate: select user0_.id as id1_3_, user0_.active as active2_3_, user0_.email as email3_3_, user0_.password as password4_3_, user0_.roles as roles5_3_ from user user0_ where user0_.email=?
2021-09-21 16:48:37.189  WARN 28737 --- [nio-8881-exec-8] .w.s.m.s.DefaultHandlerExceptionResolver : Resolved [org.springframework.web.bind.MethodArgumentNotValidException: Validation failed for argument [0] in public java.util.Map<java.lang.String, java.lang.Long> recipes.controller.RecipeController.createRecipe(recipes.model.Recipe) with 2 errors: [Field error in object 'recipe' on field 'ingredients': rejected value [[]]; codes [Size.recipe.ingredients,Size.ingredients,Size.java.util.List,Size]; arguments [org.springframework.context.support.DefaultMessageSourceResolvable: codes [recipe.ingredients,ingredients]; arguments []; default message [ingredients],2147483647,1]; default message [size must be between 1 and 2147483647]] [Field error in object 'recipe' on field 'ingredients': rejected value [[]]; codes [NotEmpty.recipe.ingredients,NotEmpty.ingredients,NotEmpty.java.util.List,NotEmpty]; arguments [org.springframework.context.support.DefaultMessageSourceResolvable: codes [recipe.ingredients,ingredients]; arguments []; default message [ingredients]]; default message [must not be empty]] ]
?[1;31m
Start test 52?[0m
Hibernate: select user0_.id as id1_3_, user0_.active as active2_3_, user0_.email as email3_3_, user0_.password as password4_3_, user0_.roles as roles5_3_ from user user0_ where user0_.email=?
2021-09-21 16:48:37.277  WARN 28737 --- [nio-8881-exec-9] .w.s.m.s.DefaultHandlerExceptionResolver : Resolved [org.springframework.web.bind.MethodArgumentNotValidException: Validation failed for argument [0] in public java.util.Map<java.lang.String, java.lang.Long> recipes.controller.RecipeController.createRecipe(recipes.model.Recipe) with 2 errors: [Field error in object 'recipe' on field 'directions': rejected value [[]]; codes [Size.recipe.directions,Size.directions,Size.java.util.List,Size]; arguments [org.springframework.context.support.DefaultMessageSourceResolvable: codes [recipe.directions,directions]; arguments []; default message [directions],2147483647,1]; default message [size must be between 1 and 2147483647]] [Field error in object 'recipe' on field 'directions': rejected value [[]]; codes [NotEmpty.recipe.directions,NotEmpty.directions,NotEmpty.java.util.List,NotEmpty]; arguments [org.springframework.context.support.DefaultMessageSourceResolvable: codes [recipe.directions,directions]; arguments []; default message [directions]]; default message [must not be empty]] ]
?[1;31m
Start test 53?[0m
Hibernate: select user0_.id as id1_3_, user0_.active as active2_3_, user0_.email as email3_3_, user0_.password as password4_3_, user0_.roles as roles5_3_ from user user0_ where user0_.email=?
2021-09-21 16:48:37.363  WARN 28737 --- [io-8881-exec-10] .w.s.m.s.DefaultHandlerExceptionResolver : Resolved [org.springframework.web.bind.MethodArgumentNotValidException: Validation failed for argument [1] in public void recipes.controller.RecipeController.updateRecipe(long,recipes.model.Recipe): [Field error in object 'recipe' on field 'name': rejected value [null]; codes [NotBlank.recipe.name,NotBlank.name,NotBlank.java.lang.String,NotBlank]; arguments [org.springframework.context.support.DefaultMessageSourceResolvable: codes [recipe.name,name]; arguments []; default message [name]]; default message [Recipe name should be filled]] ]
?[1;31m
Start test 54?[0m
Hibernate: select user0_.id as id1_3_, user0_.active as active2_3_, user0_.email as email3_3_, user0_.password as password4_3_, user0_.roles as roles5_3_ from user user0_ where user0_.email=?
2021-09-21 16:48:37.452  WARN 28737 --- [nio-8881-exec-1] .w.s.m.s.DefaultHandlerExceptionResolver : Resolved [org.springframework.web.bind.MethodArgumentNotValidException: Validation failed for argument [1] in public void recipes.controller.RecipeController.updateRecipe(long,recipes.model.Recipe): [Field error in object 'recipe' on field 'category': rejected value [null]; codes [NotBlank.recipe.category,NotBlank.category,NotBlank.java.lang.String,NotBlank]; arguments [org.springframework.context.support.DefaultMessageSourceResolvable: codes [recipe.category,category]; arguments []; default message [category]]; default message [must not be blank]] ]
?[1;31m
Start test 55?[0m
Hibernate: select user0_.id as id1_3_, user0_.active as active2_3_, user0_.email as email3_3_, user0_.password as password4_3_, user0_.roles as roles5_3_ from user user0_ where user0_.email=?
2021-09-21 16:48:37.540  WARN 28737 --- [nio-8881-exec-2] .w.s.m.s.DefaultHandlerExceptionResolver : Resolved [org.springframework.web.bind.MethodArgumentNotValidException: Validation failed for argument [1] in public void recipes.controller.RecipeController.updateRecipe(long,recipes.model.Recipe): [Field error in object 'recipe' on field 'description': rejected value [null]; codes [NotBlank.recipe.description,NotBlank.description,NotBlank.java.lang.String,NotBlank]; arguments [org.springframework.context.support.DefaultMessageSourceResolvable: codes [recipe.description,description]; arguments []; default message [description]]; default message [must not be blank]] ]
?[1;31m
Start test 56?[0m
Hibernate: select user0_.id as id1_3_, user0_.active as active2_3_, user0_.email as email3_3_, user0_.password as password4_3_, user0_.roles as roles5_3_ from user user0_ where user0_.email=?
2021-09-21 16:48:37.627  WARN 28737 --- [nio-8881-exec-3] .w.s.m.s.DefaultHandlerExceptionResolver : Resolved [org.springframework.web.bind.MethodArgumentNotValidException: Validation failed for argument [1] in public void recipes.controller.RecipeController.updateRecipe(long,recipes.model.Recipe): [Field error in object 'recipe' on field 'ingredients': rejected value [null]; codes [NotEmpty.recipe.ingredients,NotEmpty.ingredients,NotEmpty.java.util.List,NotEmpty]; arguments [org.springframework.context.support.DefaultMessageSourceResolvable: codes [recipe.ingredients,ingredients]; arguments []; default message [ingredients]]; default message [must not be empty]] ]
?[1;31m
Start test 57?[0m
Hibernate: select user0_.id as id1_3_, user0_.active as active2_3_, user0_.email as email3_3_, user0_.password as password4_3_, user0_.roles as roles5_3_ from user user0_ where user0_.email=?
2021-09-21 16:48:37.716  WARN 28737 --- [nio-8881-exec-4] .w.s.m.s.DefaultHandlerExceptionResolver : Resolved [org.springframework.web.bind.MethodArgumentNotValidException: Validation failed for argument [1] in public void recipes.controller.RecipeController.updateRecipe(long,recipes.model.Recipe): [Field error in object 'recipe' on field 'directions': rejected value [null]; codes [NotEmpty.recipe.directions,NotEmpty.directions,NotEmpty.java.util.List,NotEmpty]; arguments [org.springframework.context.support.DefaultMessageSourceResolvable: codes [recipe.directions,directions]; arguments []; default message [directions]]; default message [must not be empty]] ]
?[1;31m
Start test 58?[0m
Hibernate: select user0_.id as id1_3_, user0_.active as active2_3_, user0_.email as email3_3_, user0_.password as password4_3_, user0_.roles as roles5_3_ from user user0_ where user0_.email=?
2021-09-21 16:48:37.806  WARN 28737 --- [nio-8881-exec-5] .w.s.m.s.DefaultHandlerExceptionResolver : Resolved [org.springframework.web.bind.MethodArgumentNotValidException: Validation failed for argument [1] in public void recipes.controller.RecipeController.updateRecipe(long,recipes.model.Recipe): [Field error in object 'recipe' on field 'name': rejected value [  ]; codes [NotBlank.recipe.name,NotBlank.name,NotBlank.java.lang.String,NotBlank]; arguments [org.springframework.context.support.DefaultMessageSourceResolvable: codes [recipe.name,name]; arguments []; default message [name]]; default message [Recipe name should be filled]] ]
?[1;31m
Start test 59?[0m
Hibernate: select user0_.id as id1_3_, user0_.active as active2_3_, user0_.email as email3_3_, user0_.password as password4_3_, user0_.roles as roles5_3_ from user user0_ where user0_.email=?
2021-09-21 16:48:37.892  WARN 28737 --- [nio-8881-exec-6] .w.s.m.s.DefaultHandlerExceptionResolver : Resolved [org.springframework.web.bind.MethodArgumentNotValidException: Validation failed for argument [1] in public void recipes.controller.RecipeController.updateRecipe(long,recipes.model.Recipe): [Field error in object 'recipe' on field 'category': rejected value [  ]; codes [NotBlank.recipe.category,NotBlank.category,NotBlank.java.lang.String,NotBlank]; arguments [org.springframework.context.support.DefaultMessageSourceResolvable: codes [recipe.category,category]; arguments []; default message [category]]; default message [must not be blank]] ]
?[1;31m
Start test 60?[0m
Hibernate: select user0_.id as id1_3_, user0_.active as active2_3_, user0_.email as email3_3_, user0_.password as password4_3_, user0_.roles as roles5_3_ from user user0_ where user0_.email=?
2021-09-21 16:48:37.979  WARN 28737 --- [nio-8881-exec-7] .w.s.m.s.DefaultHandlerExceptionResolver : Resolved [org.springframework.web.bind.MethodArgumentNotValidException: Validation failed for argument [1] in public void recipes.controller.RecipeController.updateRecipe(long,recipes.model.Recipe): [Field error in object 'recipe' on field 'description': rejected value [  ]; codes [NotBlank.recipe.description,NotBlank.description,NotBlank.java.lang.String,NotBlank]; arguments [org.springframework.context.support.DefaultMessageSourceResolvable: codes [recipe.description,description]; arguments []; default message [description]]; default message [must not be blank]] ]
?[1;31m
Start test 61?[0m
Hibernate: select user0_.id as id1_3_, user0_.active as active2_3_, user0_.email as email3_3_, user0_.password as password4_3_, user0_.roles as roles5_3_ from user user0_ where user0_.email=?
2021-09-21 16:48:38.067  WARN 28737 --- [nio-8881-exec-8] .w.s.m.s.DefaultHandlerExceptionResolver : Resolved [org.springframework.web.bind.MethodArgumentNotValidException: Validation failed for argument [1] in public void recipes.controller.RecipeController.updateRecipe(long,recipes.model.Recipe) with 2 errors: [Field error in object 'recipe' on field 'ingredients': rejected value [[]]; codes [NotEmpty.recipe.ingredients,NotEmpty.ingredients,NotEmpty.java.util.List,NotEmpty]; arguments [org.springframework.context.support.DefaultMessageSourceResolvable: codes [recipe.ingredients,ingredients]; arguments []; default message [ingredients]]; default message [must not be empty]] [Field error in object 'recipe' on field 'ingredients': rejected value [[]]; codes [Size.recipe.ingredients,Size.ingredients,Size.java.util.List,Size]; arguments [org.springframework.context.support.DefaultMessageSourceResolvable: codes [recipe.ingredients,ingredients]; arguments []; default message [ingredients],2147483647,1]; default message [size must be between 1 and 2147483647]] ]
?[1;31m
Start test 62?[0m
Hibernate: select user0_.id as id1_3_, user0_.active as active2_3_, user0_.email as email3_3_, user0_.password as password4_3_, user0_.roles as roles5_3_ from user user0_ where user0_.email=?
2021-09-21 16:48:38.155  WARN 28737 --- [nio-8881-exec-9] .w.s.m.s.DefaultHandlerExceptionResolver : Resolved [org.springframework.web.bind.MethodArgumentNotValidException: Validation failed for argument [1] in public void recipes.controller.RecipeController.updateRecipe(long,recipes.model.Recipe) with 2 errors: [Field error in object 'recipe' on field 'directions': rejected value [[]]; codes [Size.recipe.directions,Size.directions,Size.java.util.List,Size]; arguments [org.springframework.context.support.DefaultMessageSourceResolvable: codes [recipe.directions,directions]; arguments []; default message [directions],2147483647,1]; default message [size must be between 1 and 2147483647]] [Field error in object 'recipe' on field 'directions': rejected value [[]]; codes [NotEmpty.recipe.directions,NotEmpty.directions,NotEmpty.java.util.List,NotEmpty]; arguments [org.springframework.context.support.DefaultMessageSourceResolvable: codes [recipe.directions,directions]; arguments []; default message [directions]]; default message [must not be empty]] ]
?[1;31m
Start test 63?[0m

  .   ____          _            __ _ _
 /\\ / ___'_ __ _ _(_)_ __  __ _ \ \ \ \
( ( )\___ | '_ | '_| | '_ \/ _` | \ \ \ \
 \\/  ___)| |_)| | | | | || (_| |  ) ) ) )
  '  |____| .__|_| |_|_| |_\__, | / / / /
 =========|_|==============|___/=/_/_/_/
 :: Spring Boot ::        (v2.3.1.RELEASE)

2021-09-21 16:48:38.705  INFO 28737 --- [    Test worker] recipes.RecipesApplication               : Starting RecipesApplication on Lis-MacBook-Pro with PID 28737 (started by lievgeniy in /Users/lievgeniy/IdeaProjects/Recipes/Recipes/task)
2021-09-21 16:48:38.706  INFO 28737 --- [    Test worker] recipes.RecipesApplication               : No active profile set, falling back to default profiles: default
2021-09-21 16:48:38.930  INFO 28737 --- [     Thread-669] com.zaxxer.hikari.HikariDataSource       : HikariPool-2 - Shutdown completed.
2021-09-21 16:48:38.946  INFO 28737 --- [    Test worker] .s.d.r.c.RepositoryConfigurationDelegate : Bootstrapping Spring Data JPA repositories in DEFERRED mode.
2021-09-21 16:48:38.960  INFO 28737 --- [    Test worker] .s.d.r.c.RepositoryConfigurationDelegate : Finished Spring Data repository scanning in 13ms. Found 2 JPA repository interfaces.
2021-09-21 16:48:39.022  INFO 28737 --- [    Test worker] o.s.b.w.embedded.tomcat.TomcatWebServer  : Tomcat initialized with port(s): 8881 (http)
2021-09-21 16:48:39.022  INFO 28737 --- [    Test worker] o.apache.catalina.core.StandardService   : Starting service [Tomcat]
2021-09-21 16:48:39.022  INFO 28737 --- [    Test worker] org.apache.catalina.core.StandardEngine  : Starting Servlet engine: [Apache Tomcat/9.0.36]
2021-09-21 16:48:39.039  INFO 28737 --- [    Test worker] o.a.c.c.C.[Tomcat].[localhost].[/]       : Initializing Spring embedded WebApplicationContext
2021-09-21 16:48:39.039  INFO 28737 --- [    Test worker] w.s.c.ServletWebServerApplicationContext : Root WebApplicationContext: initialization completed in 331 ms
2021-09-21 16:48:39.068  INFO 28737 --- [    Test worker] com.zaxxer.hikari.HikariDataSource       : HikariPool-3 - Starting...
2021-09-21 16:48:39.074  INFO 28737 --- [    Test worker] com.zaxxer.hikari.HikariDataSource       : HikariPool-3 - Start completed.
2021-09-21 16:48:39.074  INFO 28737 --- [    Test worker] o.s.b.a.h2.H2ConsoleAutoConfiguration    : H2 console available at '/h2'. Database available at 'jdbc:h2:file:../recipes_db'
2021-09-21 16:48:39.107  INFO 28737 --- [    Test worker] o.s.s.concurrent.ThreadPoolTaskExecutor  : Initializing ExecutorService 'applicationTaskExecutor'
2021-09-21 16:48:39.113  INFO 28737 --- [         task-1] o.hibernate.jpa.internal.util.LogHelper  : HHH000204: Processing PersistenceUnitInfo [name: default]
2021-09-21 16:48:39.117  INFO 28737 --- [         task-1] org.hibernate.dialect.Dialect            : HHH000400: Using dialect: org.hibernate.dialect.H2Dialect
2021-09-21 16:48:39.135  WARN 28737 --- [    Test worker] JpaBaseConfiguration$JpaWebConfiguration : spring.jpa.open-in-view is enabled by default. Therefore, database queries may be performed during view rendering. Explicitly configure spring.jpa.open-in-view to disable this warning
2021-09-21 16:48:39.166  INFO 28737 --- [    Test worker] o.s.b.a.w.s.WelcomePageHandlerMapping    : Adding welcome page: class path resource [static/index.html]
2021-09-21 16:48:39.190  INFO 28737 --- [         task-1] o.h.e.t.j.p.i.JtaPlatformInitiator       : HHH000490: Using JtaPlatform implementation: [org.hibernate.engine.transaction.jta.platform.internal.NoJtaPlatform]
2021-09-21 16:48:39.191  INFO 28737 --- [         task-1] j.LocalContainerEntityManagerFactoryBean : Initialized JPA EntityManagerFactory for persistence unit 'default'
2021-09-21 16:48:39.231  INFO 28737 --- [    Test worker] o.s.b.a.e.web.EndpointLinksResolver      : Exposing 14 endpoint(s) beneath base path '/actuator'
2021-09-21 16:48:39.242  INFO 28737 --- [    Test worker] o.s.s.web.DefaultSecurityFilterChain     : Creating filter chain: any request, [org.springframework.security.web.context.request.async.WebAsyncManagerIntegrationFilter@12cf11a4, org.springframework.security.web.context.SecurityContextPersistenceFilter@7676103b, org.springframework.security.web.header.HeaderWriterFilter@6b2746d7, org.springframework.security.web.authentication.logout.LogoutFilter@566e2bb, org.springframework.security.web.authentication.UsernamePasswordAuthenticationFilter@63439ce8, org.springframework.security.web.authentication.ui.DefaultLoginPageGeneratingFilter@fe5ffd0, org.springframework.security.web.authentication.ui.DefaultLogoutPageGeneratingFilter@49adfdb3, org.springframework.security.web.authentication.www.BasicAuthenticationFilter@46b6c192, org.springframework.security.web.savedrequest.RequestCacheAwareFilter@1cda049a, org.springframework.security.web.servletapi.SecurityContextHolderAwareRequestFilter@4d1ae828, org.springframework.security.web.authentication.AnonymousAuthenticationFilter@36f69cb2, org.springframework.security.web.session.SessionManagementFilter@5522f3e8, org.springframework.security.web.access.ExceptionTranslationFilter@50e75423, org.springframework.security.web.access.intercept.FilterSecurityInterceptor@57419f19]
2021-09-21 16:48:39.303  INFO 28737 --- [    Test worker] o.s.b.w.embedded.tomcat.TomcatWebServer  : Tomcat started on port(s): 8881 (http) with context path ''
2021-09-21 16:48:39.304  INFO 28737 --- [    Test worker] DeferredRepositoryInitializationListener : Triggering deferred initialization of Spring Data repositories…
2021-09-21 16:48:39.334  INFO 28737 --- [    Test worker] DeferredRepositoryInitializationListener : Spring Data repositories initialized!
2021-09-21 16:48:39.338  INFO 28737 --- [    Test worker] recipes.RecipesApplication               : Started RecipesApplication in 0.656 seconds (JVM running for 14.157)
?[1;31m
Start test 64?[0m
2021-09-21 16:48:39.344  INFO 28737 --- [nio-8881-exec-1] o.a.c.c.C.[Tomcat].[localhost].[/]       : Initializing Spring DispatcherServlet 'dispatcherServlet'
2021-09-21 16:48:39.344  INFO 28737 --- [nio-8881-exec-1] o.s.web.servlet.DispatcherServlet        : Initializing Servlet 'dispatcherServlet'
2021-09-21 16:48:39.347  INFO 28737 --- [nio-8881-exec-1] o.s.web.servlet.DispatcherServlet        : Completed initialization in 3 ms
Hibernate: select user0_.id as id1_3_, user0_.active as active2_3_, user0_.email as email3_3_, user0_.password as password4_3_, user0_.roles as roles5_3_ from user user0_ where user0_.email=?
Hibernate: select user0_.id as id1_3_, user0_.active as active2_3_, user0_.email as email3_3_, user0_.password as password4_3_, user0_.roles as roles5_3_ from user user0_ where user0_.email=?
Hibernate: call next value for hibernate_sequence
Hibernate: insert into recipe (category, date, description, name, user_id, id) values (?, ?, ?, ?, ?, ?)
Hibernate: insert into recipe_directions (recipe_id, directions) values (?, ?)
Hibernate: insert into recipe_directions (recipe_id, directions) values (?, ?)
Hibernate: insert into recipe_directions (recipe_id, directions) values (?, ?)
Hibernate: insert into recipe_directions (recipe_id, directions) values (?, ?)
Hibernate: insert into recipe_directions (recipe_id, directions) values (?, ?)
Hibernate: insert into recipe_ingredients (recipe_id, ingredients) values (?, ?)
Hibernate: insert into recipe_ingredients (recipe_id, ingredients) values (?, ?)
Hibernate: insert into recipe_ingredients (recipe_id, ingredients) values (?, ?)
?[1;31m
Start test 65?[0m
Hibernate: select user0_.id as id1_3_, user0_.active as active2_3_, user0_.email as email3_3_, user0_.password as password4_3_, user0_.roles as roles5_3_ from user user0_ where user0_.email=?
Hibernate: select recipe0_.id as id1_0_0_, recipe0_.category as category2_0_0_, recipe0_.date as date3_0_0_, recipe0_.description as descript4_0_0_, recipe0_.name as name5_0_0_, recipe0_.user_id as user_id6_0_0_ from recipe recipe0_ where recipe0_.id=?
Hibernate: select ingredient0_.recipe_id as recipe_i1_2_0_, ingredient0_.ingredients as ingredie2_2_0_ from recipe_ingredients ingredient0_ where ingredient0_.recipe_id=?
Hibernate: select directions0_.recipe_id as recipe_i1_1_0_, directions0_.directions as directio2_1_0_ from recipe_directions directions0_ where directions0_.recipe_id=?
?[1;31m
Start test 66?[0m
Hibernate: select user0_.id as id1_3_, user0_.active as active2_3_, user0_.email as email3_3_, user0_.password as password4_3_, user0_.roles as roles5_3_ from user user0_ where user0_.email=?
Hibernate: select recipe0_.id as id1_0_, recipe0_.category as category2_0_, recipe0_.date as date3_0_, recipe0_.description as descript4_0_, recipe0_.name as name5_0_, recipe0_.user_id as user_id6_0_ from recipe recipe0_ where upper(recipe0_.category)=upper(?) order by recipe0_.date desc
Hibernate: select ingredient0_.recipe_id as recipe_i1_2_0_, ingredient0_.ingredients as ingredie2_2_0_ from recipe_ingredients ingredient0_ where ingredient0_.recipe_id=?
Hibernate: select directions0_.recipe_id as recipe_i1_1_0_, directions0_.directions as directio2_1_0_ from recipe_directions directions0_ where directions0_.recipe_id=?
Hibernate: select ingredient0_.recipe_id as recipe_i1_2_0_, ingredient0_.ingredients as ingredie2_2_0_ from recipe_ingredients ingredient0_ where ingredient0_.recipe_id=?
Hibernate: select directions0_.recipe_id as recipe_i1_1_0_, directions0_.directions as directio2_1_0_ from recipe_directions directions0_ where directions0_.recipe_id=?
Hibernate: select ingredient0_.recipe_id as recipe_i1_2_0_, ingredient0_.ingredients as ingredie2_2_0_ from recipe_ingredients ingredient0_ where ingredient0_.recipe_id=?
Hibernate: select directions0_.recipe_id as recipe_i1_1_0_, directions0_.directions as directio2_1_0_ from recipe_directions directions0_ where directions0_.recipe_id=?
Hibernate: select ingredient0_.recipe_id as recipe_i1_2_0_, ingredient0_.ingredients as ingredie2_2_0_ from recipe_ingredients ingredient0_ where ingredient0_.recipe_id=?
Hibernate: select directions0_.recipe_id as recipe_i1_1_0_, directions0_.directions as directio2_1_0_ from recipe_directions directions0_ where directions0_.recipe_id=?
Hibernate: select ingredient0_.recipe_id as recipe_i1_2_0_, ingredient0_.ingredients as ingredie2_2_0_ from recipe_ingredients ingredient0_ where ingredient0_.recipe_id=?
Hibernate: select directions0_.recipe_id as recipe_i1_1_0_, directions0_.directions as directio2_1_0_ from recipe_directions directions0_ where directions0_.recipe_id=?
Hibernate: select ingredient0_.recipe_id as recipe_i1_2_0_, ingredient0_.ingredients as ingredie2_2_0_ from recipe_ingredients ingredient0_ where ingredient0_.recipe_id=?
Hibernate: select directions0_.recipe_id as recipe_i1_1_0_, directions0_.directions as directio2_1_0_ from recipe_directions directions0_ where directions0_.recipe_id=?
Hibernate: select ingredient0_.recipe_id as recipe_i1_2_0_, ingredient0_.ingredients as ingredie2_2_0_ from recipe_ingredients ingredient0_ where ingredient0_.recipe_id=?
Hibernate: select directions0_.recipe_id as recipe_i1_1_0_, directions0_.directions as directio2_1_0_ from recipe_directions directions0_ where directions0_.recipe_id=?
?[1;31m
Start test 67?[0m
Hibernate: select user0_.id as id1_3_, user0_.active as active2_3_, user0_.email as email3_3_, user0_.password as password4_3_, user0_.roles as roles5_3_ from user user0_ where user0_.email=?
Hibernate: select recipe0_.id as id1_0_, recipe0_.category as category2_0_, recipe0_.date as date3_0_, recipe0_.description as descript4_0_, recipe0_.name as name5_0_, recipe0_.user_id as user_id6_0_ from recipe recipe0_ where upper(recipe0_.name) like upper(?) escape ? order by recipe0_.date desc
Hibernate: select ingredient0_.recipe_id as recipe_i1_2_0_, ingredient0_.ingredients as ingredie2_2_0_ from recipe_ingredients ingredient0_ where ingredient0_.recipe_id=?
Hibernate: select directions0_.recipe_id as recipe_i1_1_0_, directions0_.directions as directio2_1_0_ from recipe_directions directions0_ where directions0_.recipe_id=?
Hibernate: select ingredient0_.recipe_id as recipe_i1_2_0_, ingredient0_.ingredients as ingredie2_2_0_ from recipe_ingredients ingredient0_ where ingredient0_.recipe_id=?
Hibernate: select directions0_.recipe_id as recipe_i1_1_0_, directions0_.directions as directio2_1_0_ from recipe_directions directions0_ where directions0_.recipe_id=?
Hibernate: select ingredient0_.recipe_id as recipe_i1_2_0_, ingredient0_.ingredients as ingredie2_2_0_ from recipe_ingredients ingredient0_ where ingredient0_.recipe_id=?
Hibernate: select directions0_.recipe_id as recipe_i1_1_0_, directions0_.directions as directio2_1_0_ from recipe_directions directions0_ where directions0_.recipe_id=?
Hibernate: select ingredient0_.recipe_id as recipe_i1_2_0_, ingredient0_.ingredients as ingredie2_2_0_ from recipe_ingredients ingredient0_ where ingredient0_.recipe_id=?
Hibernate: select directions0_.recipe_id as recipe_i1_1_0_, directions0_.directions as directio2_1_0_ from recipe_directions directions0_ where directions0_.recipe_id=?
Hibernate: select ingredient0_.recipe_id as recipe_i1_2_0_, ingredient0_.ingredients as ingredie2_2_0_ from recipe_ingredients ingredient0_ where ingredient0_.recipe_id=?
Hibernate: select directions0_.recipe_id as recipe_i1_1_0_, directions0_.directions as directio2_1_0_ from recipe_directions directions0_ where directions0_.recipe_id=?
Hibernate: select ingredient0_.recipe_id as recipe_i1_2_0_, ingredient0_.ingredients as ingredie2_2_0_ from recipe_ingredients ingredient0_ where ingredient0_.recipe_id=?
Hibernate: select directions0_.recipe_id as recipe_i1_1_0_, directions0_.directions as directio2_1_0_ from recipe_directions directions0_ where directions0_.recipe_id=?
?[1;31m
Start test 68?[0m
Hibernate: select user0_.id as id1_3_, user0_.active as active2_3_, user0_.email as email3_3_, user0_.password as password4_3_, user0_.roles as roles5_3_ from user user0_ where user0_.email=?
Hibernate: select recipe0_.id as id1_0_0_, recipe0_.category as category2_0_0_, recipe0_.date as date3_0_0_, recipe0_.description as descript4_0_0_, recipe0_.name as name5_0_0_, recipe0_.user_id as user_id6_0_0_ from recipe recipe0_ where recipe0_.id=?
Hibernate: select user0_.id as id1_3_0_, user0_.active as active2_3_0_, user0_.email as email3_3_0_, user0_.password as password4_3_0_, user0_.roles as roles5_3_0_ from user user0_ where user0_.id=?
?[1;31m
Start test 69?[0m
Hibernate: select user0_.id as id1_3_, user0_.active as active2_3_, user0_.email as email3_3_, user0_.password as password4_3_, user0_.roles as roles5_3_ from user user0_ where user0_.email=?
Hibernate: select recipe0_.id as id1_0_0_, recipe0_.category as category2_0_0_, recipe0_.date as date3_0_0_, recipe0_.description as descript4_0_0_, recipe0_.name as name5_0_0_, recipe0_.user_id as user_id6_0_0_ from recipe recipe0_ where recipe0_.id=?
Hibernate: select user0_.id as id1_3_0_, user0_.active as active2_3_0_, user0_.email as email3_3_0_, user0_.password as password4_3_0_, user0_.roles as roles5_3_0_ from user user0_ where user0_.id=?
?[1;31m
Start test 70?[0m
Hibernate: select user0_.id as id1_3_, user0_.active as active2_3_, user0_.email as email3_3_, user0_.password as password4_3_, user0_.roles as roles5_3_ from user user0_ where user0_.email=?
?[1;31m
Start test 71?[0m
Hibernate: select user0_.id as id1_3_, user0_.active as active2_3_, user0_.email as email3_3_, user0_.password as password4_3_, user0_.roles as roles5_3_ from user user0_ where user0_.email=?
?[1;31m
Start test 72?[0m
Hibernate: select user0_.id as id1_3_, user0_.active as active2_3_, user0_.email as email3_3_, user0_.password as password4_3_, user0_.roles as roles5_3_ from user user0_ where user0_.email=?
?[1;31m
Start test 73?[0m
Hibernate: select user0_.id as id1_3_, user0_.active as active2_3_, user0_.email as email3_3_, user0_.password as password4_3_, user0_.roles as roles5_3_ from user user0_ where user0_.email=?
?[1;31m
Start test 74?[0m
Hibernate: select user0_.id as id1_3_, user0_.active as active2_3_, user0_.email as email3_3_, user0_.password as password4_3_, user0_.roles as roles5_3_ from user user0_ where user0_.email=?
?[1;31m
Start test 75?[0m
Hibernate: select user0_.id as id1_3_, user0_.active as active2_3_, user0_.email as email3_3_, user0_.password as password4_3_, user0_.roles as roles5_3_ from user user0_ where user0_.email=?
?[1;31m
Start test 76?[0m
?[1;31m
Start test 77?[0m
?[1;31m
Start test 78?[0m
?[1;31m
Start test 79?[0m
?[1;31m
Start test 80?[0m
?[1;31m
Start test 81?[0m
]]></system-out>
  <system-err><![CDATA[]]></system-err>
</testsuite>
